<?xml version="1.0" encoding="UTF-8"?>
<!-- Generated by org.testng.reporters.JUnitXMLReporter -->
<testsuite hostname="DESKTOP-V123S32" ignored="0" name="Create Portfolio Test - firefox" tests="3" failures="0" timestamp="2021-09-22T07:06:35 IST" time="0.033" errors="0">
  <testcase name="createPortFolio" time="0.001" classname="testcases.suite.portfolio.CreatePortfolioTest">
    <skipped/>
  </testcase> <!-- createPortFolio -->
  <testcase name="createPortFolio" time="0.0" classname="testcases.suite.portfolio.CreatePortfolioTest">
    <skipped/>
  </testcase> <!-- createPortFolio -->
  <testcase name="createPortFolio" time="0.001" classname="testcases.suite.portfolio.CreatePortfolioTest">
    <skipped/>
  </testcase> <!-- createPortFolio -->
</testsuite> <!-- Create Portfolio Test - firefox -->
