<?xml version="1.0" encoding="UTF-8"?>
<!-- Generated by org.testng.reporters.JUnitXMLReporter -->
<testsuite hostname="DESKTOP-V123S32" ignored="0" name="Create Portfolio Test" tests="3" failures="0" timestamp="2021-09-21T07:30:08 IST" time="0.538" errors="0">
  <testcase name="createPortFolio" time="0.015" classname="testcases.suite.portfolio.CreatePortfolioTest">
    <skipped/>
  </testcase> <!-- createPortFolio -->
  <testcase name="createPortFolio" time="0.0" classname="testcases.suite.portfolio.CreatePortfolioTest">
    <skipped/>
  </testcase> <!-- createPortFolio -->
  <testcase name="createPortFolio" time="0.0" classname="testcases.suite.portfolio.CreatePortfolioTest">
    <skipped/>
  </testcase> <!-- createPortFolio -->
</testsuite> <!-- Create Portfolio Test -->
