<?xml version="1.0" encoding="UTF-8"?>
<!-- Generated by org.testng.reporters.JUnitXMLReporter -->
<testsuite hostname="DESKTOP-FVRAVKU" ignored="0" name="Create Portfolio Test" tests="5" failures="0" timestamp="2021-09-27T13:16:03 IST" time="10.829" errors="0">
  <testcase name="deletePortFolio" time="8.609" classname="testcases.suite.portfolio.DeletePortfolioTest"/>
  <testcase name="deletePortFolio" time="0.001" classname="testcases.suite.portfolio.DeletePortfolioTest">
    <skipped/>
  </testcase> <!-- deletePortFolio -->
  <testcase name="createPortFolio" time="10.613" classname="testcases.suite.portfolio.CreatePortfolioTest"/>
  <testcase name="createPortFolio" time="0.001" classname="testcases.suite.portfolio.CreatePortfolioTest">
    <skipped/>
  </testcase> <!-- createPortFolio -->
  <testcase name="createPortFolio" time="0.002" classname="testcases.suite.portfolio.CreatePortfolioTest">
    <skipped/>
  </testcase> <!-- createPortFolio -->
</testsuite> <!-- Create Portfolio Test -->
