<?xml version="1.0" encoding="UTF-8"?>
<!-- Generated by org.testng.reporters.JUnitXMLReporter -->
<testsuite hostname="DESKTOP-V123S32" ignored="0" name="Delete Portfolio Test" tests="2" failures="0" timestamp="2021-09-16T07:22:36 IST" time="0.028" errors="0">
  <testcase name="deletePortFolio" time="0.004" classname="testcases.suite.portfolio.DeletePortfolioTest">
    <skipped/>
  </testcase> <!-- deletePortFolio -->
  <testcase name="deletePortFolio" time="0.001" classname="testcases.suite.portfolio.DeletePortfolioTest">
    <skipped/>
  </testcase> <!-- deletePortFolio -->
</testsuite> <!-- Delete Portfolio Test -->
