<?xml version="1.0" encoding="UTF-8"?>
<!-- Generated by org.testng.reporters.JUnitXMLReporter -->
<testsuite hostname="DESKTOP-FVRAVKU" ignored="0" name="Delete Portfolio Test" tests="2" failures="0" timestamp="2021-09-27T13:15:16 IST" time="8.366" errors="0">
  <testcase name="deletePortFolio" time="7.944" classname="testcases.suite.portfolio.DeletePortfolioTest"/>
  <testcase name="deletePortFolio" time="0.004" classname="testcases.suite.portfolio.DeletePortfolioTest">
    <skipped/>
  </testcase> <!-- deletePortFolio -->
</testsuite> <!-- Delete Portfolio Test -->
