<?xml version="1.0" encoding="UTF-8"?>
<!-- Generated by org.testng.reporters.JUnitXMLReporter -->
<testsuite ignored="0" hostname="DESKTOP-FVRAVKU" failures="2" tests="5" name="Delete Portfolio Test" time="1.78" errors="0" timestamp="2021-09-25T10:40:36 IST">
  <testcase classname="testcases.suite.portfolio.DeletePortfolioTest" name="deletePortFolio" time="0.692">
    <failure type="java.lang.NullPointerException" message="Cannot invoke &amp;quot;org.openqa.selenium.WebDriver.manage()&amp;quot; because &amp;quot;this.driver&amp;quot; is null">
      <![CDATA[java.lang.NullPointerException: Cannot invoke "org.openqa.selenium.WebDriver.manage()" because "this.driver" is null
at com.qtpselenium.core.keywords.GenericKeywords.openBrowser(GenericKeywords.java:51)
at testcases.suite.portfolio.DeletePortfolioTest.deletePortFolio(DeletePortfolioTest.java:28)
at java.base/java.util.ArrayList.forEach(ArrayList.java:1511)
at java.base/java.util.concurrent.FutureTask.run(FutureTask.java:264)
at java.base/java.util.concurrent.ThreadPoolExecutor.runWorker(ThreadPoolExecutor.java:1130)
at java.base/java.util.concurrent.ThreadPoolExecutor$Worker.run(ThreadPoolExecutor.java:630)
at java.base/java.lang.Thread.run(Thread.java:831)
... Removed 18 stack frames]]>
    </failure>
  </testcase> <!-- deletePortFolio -->
  <testcase classname="testcases.suite.portfolio.CreatePortfolioTest" name="createPortFolio" time="0.69">
    <failure type="java.lang.NullPointerException" message="Cannot invoke &amp;quot;org.openqa.selenium.WebDriver.manage()&amp;quot; because &amp;quot;this.driver&amp;quot; is null">
      <![CDATA[java.lang.NullPointerException: Cannot invoke "org.openqa.selenium.WebDriver.manage()" because "this.driver" is null
at com.qtpselenium.core.keywords.GenericKeywords.openBrowser(GenericKeywords.java:51)
at testcases.suite.portfolio.CreatePortfolioTest.createPortFolio(CreatePortfolioTest.java:47)
at java.base/java.util.ArrayList.forEach(ArrayList.java:1511)
at java.base/java.util.concurrent.FutureTask.run(FutureTask.java:264)
at java.base/java.util.concurrent.ThreadPoolExecutor.runWorker(ThreadPoolExecutor.java:1130)
at java.base/java.util.concurrent.ThreadPoolExecutor$Worker.run(ThreadPoolExecutor.java:630)
at java.base/java.lang.Thread.run(Thread.java:831)
... Removed 18 stack frames]]>
    </failure>
  </testcase> <!-- createPortFolio -->
  <testcase classname="testcases.suite.portfolio.CreatePortfolioTest" name="createPortFolio" time="0.006">
    <skipped/>
  </testcase> <!-- createPortFolio -->
  <testcase classname="testcases.suite.portfolio.CreatePortfolioTest" name="createPortFolio" time="0.007">
    <skipped/>
  </testcase> <!-- createPortFolio -->
  <testcase classname="testcases.suite.portfolio.DeletePortfolioTest" name="deletePortFolio" time="0.052">
    <skipped/>
  </testcase> <!-- deletePortFolio -->
</testsuite> <!-- Delete Portfolio Test -->
