<?xml version="1.0" encoding="UTF-8"?>
<testsuite xmlns:xsi="http://www.w3.org/2001/XMLSchema-instance" xsi:noNamespaceSchemaLocation="https://maven.apache.org/surefire/maven-surefire-plugin/xsd/surefire-test-report-3.0.xsd" version="3.0" name="TestSuite" time="13.343" tests="6" errors="0" skipped="3" failures="0">
  <properties>
[...]
</properties>
  <testcase name="addStockTest" classname="testcases.suite.stock.AddStockTest" time="0.004"/>
  <testcase name="deletePortFolio" classname="testcases.suite.portfolio.DeletePortfolioTest" time="8.718"/>
  <testcase name="deletePortFolio" classname="testcases.suite.portfolio.DeletePortfolioTest" time="0">
    <skipped message="Skipping test as Runmode is N"/>
    <system-out><![CDATA[{Runmode=N, PortfolioName=Portfolio1111}
]]></system-out>
  </testcase>
  <testcase name="createPortFolio" classname="testcases.suite.portfolio.CreatePortfolioTest" time="1.922"/>
  <testcase name="createPortFolio" classname="testcases.suite.portfolio.CreatePortfolioTest" time="0">
    <skipped message="Skipping test as Runmode is N"/>
    <system-out><![CDATA[{Runmode=N, PortfolioName=Portfolio981918, Browser=Mozilla}
]]></system-out>
  </testcase>
  <testcase name="createPortFolio" classname="testcases.suite.portfolio.CreatePortfolioTest" time="0">
    <skipped message="Skipping test as Runmode is N"/>
    <system-out><![CDATA[{Runmode=N, PortfolioName=Portfolio13422, Browser=Edge}
]]></system-out>
  </testcase>
</testsuite>